build/outputs/logs/manifest-merger-release-report.txt
-- Merging decision tree log ---
manifest
ADDED from AndroidManifest.xml:2:1
	package
		ADDED from AndroidManifest.xml:3:5
	android:versionName
		ADDED from AndroidManifest.xml:5:5
	android:versionCode
		ADDED from AndroidManifest.xml:4:5
		INJECTED from AndroidManifest.xml:0:0
		INJECTED from AndroidManifest.xml:0:0
	xmlns:android
		ADDED from AndroidManifest.xml:2:11
uses-sdk
ADDED from AndroidManifest.xml:7:5
MERGED from com.android.support:support-v4:22.1.1:20:5
MERGED from com.android.support:appcompat-v7:22.1.1:20:5
MERGED from com.android.support:support-v4:22.1.1:20:5
	android:targetSdkVersion
		INJECTED from AndroidManifest.xml:0:0
		INJECTED from AndroidManifest.xml:0:0
	android:minSdkVersion
		ADDED from AndroidManifest.xml:7:15
uses-permission#android.permission.ACCESS_FINE_LOCATION
ADDED from AndroidManifest.xml:10:5
	android:name
		ADDED from AndroidManifest.xml:10:22
uses-permission#android.permission.INTERNET
ADDED from AndroidManifest.xml:11:5
	android:name
		ADDED from AndroidManifest.xml:11:22
uses-permission#android.permission.ACCESS_NETWORK_STATE
ADDED from AndroidManifest.xml:12:5
	android:name
		ADDED from AndroidManifest.xml:12:22
uses-permission#android.permission.ACCESS_COARSE_LOCATION
ADDED from AndroidManifest.xml:13:5
	android:name
		ADDED from AndroidManifest.xml:13:22
uses-permission#android.permission.CAMERA
ADDED from AndroidManifest.xml:14:5
	android:name
		ADDED from AndroidManifest.xml:14:22
uses-permission#android.permission.WRITE_EXTERNAL_STORAGE
ADDED from AndroidManifest.xml:15:5
	android:name
		ADDED from AndroidManifest.xml:15:22
uses-permission#android.permission.WRITE_SETTINGS
ADDED from AndroidManifest.xml:16:5
	android:name
		ADDED from AndroidManifest.xml:16:22
uses-permission#android.permission.READ_PHONE_STATE
ADDED from AndroidManifest.xml:17:5
	android:name
		ADDED from AndroidManifest.xml:17:22
uses-feature#android.hardware.camera.autofocus
ADDED from AndroidManifest.xml:20:5
	android:required
		ADDED from AndroidManifest.xml:20:68
	android:name
		ADDED from AndroidManifest.xml:20:19
supports-screens
ADDED from AndroidManifest.xml:22:2
	android:largeScreens
		ADDED from AndroidManifest.xml:23:6
	android:smallScreens
		ADDED from AndroidManifest.xml:25:6
	android:normalScreens
		ADDED from AndroidManifest.xml:24:6
	android:anyDensity
		ADDED from AndroidManifest.xml:26:6
application
ADDED from AndroidManifest.xml:28:5
MERGED from com.android.support:support-v4:22.1.1:22:5
MERGED from com.android.support:appcompat-v7:22.1.1:22:5
MERGED from com.android.support:support-v4:22.1.1:22:5
	android:label
		ADDED from AndroidManifest.xml:31:9
	android:allowBackup
		ADDED from AndroidManifest.xml:29:9
	android:icon
		ADDED from AndroidManifest.xml:30:9
	android:theme
		ADDED from AndroidManifest.xml:32:9
activity#com.codpaa.Lanzador
ADDED from AndroidManifest.xml:33:9
	android:screenOrientation
		ADDED from AndroidManifest.xml:36:13
	android:label
		ADDED from AndroidManifest.xml:35:13
	android:name
		ADDED from AndroidManifest.xml:34:13
intent-filter#android.intent.action.MAIN+android.intent.category.LAUNCHER
ADDED from AndroidManifest.xml:37:13
action#android.intent.action.MAIN
ADDED from AndroidManifest.xml:38:17
	android:name
		ADDED from AndroidManifest.xml:38:25
category#android.intent.category.LAUNCHER
ADDED from AndroidManifest.xml:40:17
	android:name
		ADDED from AndroidManifest.xml:40:27
activity#com.codpaa.MainActivity
ADDED from AndroidManifest.xml:44:9
	android:screenOrientation
		ADDED from AndroidManifest.xml:44:99
	android:label
		ADDED from AndroidManifest.xml:44:58
	android:name
		ADDED from AndroidManifest.xml:44:19
activity#com.codpaa.MenuPrincipal
ADDED from AndroidManifest.xml:45:9
	android:screenOrientation
		ADDED from AndroidManifest.xml:45:100
	android:label
		ADDED from AndroidManifest.xml:45:59
	android:name
		ADDED from AndroidManifest.xml:45:19
activity#com.codpaa.MenuTienda
ADDED from AndroidManifest.xml:46:9
	android:screenOrientation
		ADDED from AndroidManifest.xml:46:97
	android:label
		ADDED from AndroidManifest.xml:46:56
	android:name
		ADDED from AndroidManifest.xml:46:19
activity#com.codpaa.MostrarCalendario
ADDED from AndroidManifest.xml:47:9
	android:screenOrientation
		ADDED from AndroidManifest.xml:47:92
	android:label
		ADDED from AndroidManifest.xml:47:63
	android:icon
		ADDED from AndroidManifest.xml:47:129
	android:name
		ADDED from AndroidManifest.xml:47:19
activity#com.codpaa.ListarLocation
ADDED from AndroidManifest.xml:48:9
	android:screenOrientation
		ADDED from AndroidManifest.xml:48:101
	android:label
		ADDED from AndroidManifest.xml:48:60
	android:name
		ADDED from AndroidManifest.xml:48:19
activity#com.codpaa.EnviarInformacion
ADDED from AndroidManifest.xml:49:9
	android:screenOrientation
		ADDED from AndroidManifest.xml:49:94
	android:label
		ADDED from AndroidManifest.xml:49:63
	android:name
		ADDED from AndroidManifest.xml:49:19
activity#com.codpaa.Frentes
ADDED from AndroidManifest.xml:50:9
	android:screenOrientation
		ADDED from AndroidManifest.xml:50:85
	android:label
		ADDED from AndroidManifest.xml:50:53
	android:name
		ADDED from AndroidManifest.xml:50:19
activity#com.codpaa.SurtidoMueble
ADDED from AndroidManifest.xml:51:9
	android:screenOrientation
		ADDED from AndroidManifest.xml:51:91
	android:label
		ADDED from AndroidManifest.xml:51:59
	android:name
		ADDED from AndroidManifest.xml:51:19
activity#com.codpaa.Exhibiciones
ADDED from AndroidManifest.xml:52:9
	android:screenOrientation
		ADDED from AndroidManifest.xml:52:87
	android:label
		ADDED from AndroidManifest.xml:52:58
	android:name
		ADDED from AndroidManifest.xml:52:19
activity#com.codpaa.InventarioBodega
ADDED from AndroidManifest.xml:53:9
	android:screenOrientation
		ADDED from AndroidManifest.xml:53:97
	android:label
		ADDED from AndroidManifest.xml:53:62
	android:name
		ADDED from AndroidManifest.xml:53:19
activity#com.codpaa.ComentariosActivity
ADDED from AndroidManifest.xml:54:9
	android:screenOrientation
		ADDED from AndroidManifest.xml:54:101
	android:label
		ADDED from AndroidManifest.xml:54:65
	android:name
		ADDED from AndroidManifest.xml:54:19
activity#com.codpaa.InteligenciaMercado
ADDED from AndroidManifest.xml:55:9
	android:screenOrientation
		ADDED from AndroidManifest.xml:55:102
	android:label
		ADDED from AndroidManifest.xml:55:65
	android:name
		ADDED from AndroidManifest.xml:55:19
activity#com.codpaa.Mayoreo
ADDED from AndroidManifest.xml:56:9
	android:screenOrientation
		ADDED from AndroidManifest.xml:56:90
	android:label
		ADDED from AndroidManifest.xml:56:53
	android:name
		ADDED from AndroidManifest.xml:56:19
activity#com.codpaa.PhotoCapture
ADDED from AndroidManifest.xml:57:9
	android:screenOrientation
		ADDED from AndroidManifest.xml:57:89
	android:label
		ADDED from AndroidManifest.xml:57:58
	android:name
		ADDED from AndroidManifest.xml:57:19
activity#com.codpaa.Imagesheduler
ADDED from AndroidManifest.xml:58:9
	android:screenOrientation
		ADDED from AndroidManifest.xml:58:100
	android:label
		ADDED from AndroidManifest.xml:58:59
	android:name
		ADDED from AndroidManifest.xml:58:19
service#com.codpaa.GeoLocalizar
ADDED from AndroidManifest.xml:59:9
	android:name
		ADDED from AndroidManifest.xml:59:18